2024-07-04T07:52:25.185678Z 0 [Warning] [MY-011068] [Server] The syntax '--skip-host-cache' is deprecated and will be removed in a future release. Please use SET GLOBAL host_cache_size=0 instead.
2024-07-04T07:52:25.185903Z 0 [System] [MY-013169] [Server] /usr/sbin/mysqld (mysqld 8.0.31) initializing of server in progress as process 87
2024-07-04T07:52:25.193430Z 0 [Warning] [MY-010159] [Server] Setting lower_case_table_names=2 because file system for /var/lib/mysql/ is case insensitive
2024-07-04T07:52:25.210354Z 1 [System] [MY-013576] [InnoDB] InnoDB initialization has started.
2024-07-04T07:52:27.191515Z 1 [System] [MY-013577] [InnoDB] InnoDB initialization has ended.
2024-07-04T07:52:28.654542Z 6 [Warning] [MY-010453] [Server] root@localhost is created with an empty password ! Please consider switching off the --initialize-insecure option.
2024-07-04T07:52:32.540143Z 0 [Warning] [MY-011068] [Server] The syntax '--skip-host-cache' is deprecated and will be removed in a future release. Please use SET GLOBAL host_cache_size=0 instead.
2024-07-04T07:52:32.547676Z 0 [System] [MY-010116] [Server] /usr/sbin/mysqld (mysqld 8.0.31) starting as process 138
2024-07-04T07:52:32.552975Z 0 [Warning] [MY-010159] [Server] Setting lower_case_table_names=2 because file system for /var/lib/mysql/ is case insensitive
2024-07-04T07:52:32.579585Z 1 [System] [MY-013576] [InnoDB] InnoDB initialization has started.
2024-07-04T07:52:33.627629Z 1 [System] [MY-013577] [InnoDB] InnoDB initialization has ended.
2024-07-04T07:52:34.273545Z 0 [Warning] [MY-010068] [Server] CA certificate ca.pem is self signed.
2024-07-04T07:52:34.273980Z 0 [System] [MY-013602] [Server] Channel mysql_main configured to support TLS. Encrypted connections are now supported for this channel.
2024-07-04T07:52:34.278032Z 0 [Warning] [MY-011810] [Server] Insecure configuration for --pid-file: Location '/var/run/mysqld' in the path is accessible to all OS users. Consider choosing a different directory.
2024-07-04T07:52:34.310865Z 0 [System] [MY-011323] [Server] X Plugin ready for connections. Socket: /var/run/mysqld/mysqlx.sock
2024-07-04T07:52:34.310958Z 0 [System] [MY-010931] [Server] /usr/sbin/mysqld: ready for connections. Version: '8.0.31'  socket: '/var/run/mysqld/mysqld.sock'  port: 0  MySQL Community Server - GPL.
2024-07-04T07:52:36.373689Z 13 [System] [MY-013172] [Server] Received SHUTDOWN from user root. Shutting down mysqld (Version: 8.0.31).
2024-07-04T07:52:37.876999Z 0 [System] [MY-010910] [Server] /usr/sbin/mysqld: Shutdown complete (mysqld 8.0.31)  MySQL Community Server - GPL.
2024-07-04T07:52:38.623239Z 0 [Warning] [MY-011068] [Server] The syntax '--skip-host-cache' is deprecated and will be removed in a future release. Please use SET GLOBAL host_cache_size=0 instead.
2024-07-04T07:52:38.628136Z 0 [System] [MY-010116] [Server] /usr/sbin/mysqld (mysqld 8.0.31) starting as process 1
2024-07-04T07:52:38.633262Z 0 [Warning] [MY-010159] [Server] Setting lower_case_table_names=2 because file system for /var/lib/mysql/ is case insensitive
2024-07-04T07:52:38.646674Z 1 [System] [MY-013576] [InnoDB] InnoDB initialization has started.
2024-07-04T07:52:39.420347Z 1 [System] [MY-013577] [InnoDB] InnoDB initialization has ended.
2024-07-04T07:52:39.971833Z 0 [Warning] [MY-010068] [Server] CA certificate ca.pem is self signed.
2024-07-04T07:52:39.972259Z 0 [System] [MY-013602] [Server] Channel mysql_main configured to support TLS. Encrypted connections are now supported for this channel.
2024-07-04T07:52:39.977802Z 0 [Warning] [MY-011810] [Server] Insecure configuration for --pid-file: Location '/var/run/mysqld' in the path is accessible to all OS users. Consider choosing a different directory.
2024-07-04T07:52:40.032624Z 0 [System] [MY-010931] [Server] /usr/sbin/mysqld: ready for connections. Version: '8.0.31'  socket: '/var/run/mysqld/mysqld.sock'  port: 3306  MySQL Community Server - GPL.
2024-07-04T07:52:40.032625Z 0 [System] [MY-011323] [Server] X Plugin ready for connections. Bind-address: '::' port: 33060, socket: /var/run/mysqld/mysqlx.sock
2024-07-04T08:12:34.697331Z 0 [System] [MY-013172] [Server] Received SHUTDOWN from user <via user signal>. Shutting down mysqld (Version: 8.0.31).
2024-07-04T08:12:36.710541Z 0 [Warning] [MY-010909] [Server] /usr/sbin/mysqld: Forcing close of thread 8  user: 'root'.
2024-07-04T08:12:38.099728Z 0 [System] [MY-010910] [Server] /usr/sbin/mysqld: Shutdown complete (mysqld 8.0.31)  MySQL Community Server - GPL.
2024-07-04T08:13:32.878523Z 0 [Warning] [MY-011068] [Server] The syntax '--skip-host-cache' is deprecated and will be removed in a future release. Please use SET GLOBAL host_cache_size=0 instead.
2024-07-04T08:13:32.889047Z 0 [System] [MY-010116] [Server] /usr/sbin/mysqld (mysqld 8.0.31) starting as process 1
2024-07-04T08:13:32.896171Z 0 [Warning] [MY-010159] [Server] Setting lower_case_table_names=2 because file system for /var/lib/mysql/ is case insensitive
2024-07-04T08:13:32.917761Z 1 [System] [MY-013576] [InnoDB] InnoDB initialization has started.
2024-07-04T08:13:34.153731Z 1 [System] [MY-013577] [InnoDB] InnoDB initialization has ended.
2024-07-04T08:13:34.942756Z 0 [Warning] [MY-010068] [Server] CA certificate ca.pem is self signed.
2024-07-04T08:13:34.945575Z 0 [System] [MY-013602] [Server] Channel mysql_main configured to support TLS. Encrypted connections are now supported for this channel.
2024-07-04T08:13:34.952479Z 0 [Warning] [MY-011810] [Server] Insecure configuration for --pid-file: Location '/var/run/mysqld' in the path is accessible to all OS users. Consider choosing a different directory.
2024-07-04T08:13:35.007952Z 0 [System] [MY-011323] [Server] X Plugin ready for connections. Bind-address: '::' port: 33060, socket: /var/run/mysqld/mysqlx.sock
2024-07-04T08:13:35.008045Z 0 [System] [MY-010931] [Server] /usr/sbin/mysqld: ready for connections. Version: '8.0.31'  socket: '/var/run/mysqld/mysqld.sock'  port: 3306  MySQL Community Server - GPL.
2024-07-04T08:13:44.353272Z 0 [System] [MY-013172] [Server] Received SHUTDOWN from user <via user signal>. Shutting down mysqld (Version: 8.0.31).
2024-07-04T08:13:45.242094Z 0 [System] [MY-010910] [Server] /usr/sbin/mysqld: Shutdown complete (mysqld 8.0.31)  MySQL Community Server - GPL.
2024-07-04T08:22:14.065602Z 0 [Warning] [MY-011068] [Server] The syntax '--skip-host-cache' is deprecated and will be removed in a future release. Please use SET GLOBAL host_cache_size=0 instead.
2024-07-04T08:22:14.075021Z 0 [System] [MY-010116] [Server] /usr/sbin/mysqld (mysqld 8.0.31) starting as process 1
2024-07-04T08:22:14.080909Z 0 [Warning] [MY-010159] [Server] Setting lower_case_table_names=2 because file system for /var/lib/mysql/ is case insensitive
2024-07-04T08:22:14.101090Z 1 [System] [MY-013576] [InnoDB] InnoDB initialization has started.
2024-07-04T08:22:15.072573Z 1 [System] [MY-013577] [InnoDB] InnoDB initialization has ended.
2024-07-04T08:22:15.853667Z 0 [Warning] [MY-010068] [Server] CA certificate ca.pem is self signed.
2024-07-04T08:22:15.854388Z 0 [System] [MY-013602] [Server] Channel mysql_main configured to support TLS. Encrypted connections are now supported for this channel.
2024-07-04T08:22:15.866157Z 0 [Warning] [MY-011810] [Server] Insecure configuration for --pid-file: Location '/var/run/mysqld' in the path is accessible to all OS users. Consider choosing a different directory.
2024-07-04T08:22:15.940509Z 0 [System] [MY-011323] [Server] X Plugin ready for connections. Bind-address: '::' port: 33060, socket: /var/run/mysqld/mysqlx.sock
2024-07-04T08:22:15.941036Z 0 [System] [MY-010931] [Server] /usr/sbin/mysqld: ready for connections. Version: '8.0.31'  socket: '/var/run/mysqld/mysqld.sock'  port: 3306  MySQL Community Server - GPL.
2024-07-04T08:30:07.853366Z 0 [System] [MY-013172] [Server] Received SHUTDOWN from user <via user signal>. Shutting down mysqld (Version: 8.0.31).
2024-07-04T08:30:09.207924Z 0 [System] [MY-010910] [Server] /usr/sbin/mysqld: Shutdown complete (mysqld 8.0.31)  MySQL Community Server - GPL.
2024-07-04T08:30:13.579532Z 0 [Warning] [MY-011068] [Server] The syntax '--skip-host-cache' is deprecated and will be removed in a future release. Please use SET GLOBAL host_cache_size=0 instead.
2024-07-04T08:30:13.586029Z 0 [System] [MY-010116] [Server] /usr/sbin/mysqld (mysqld 8.0.31) starting as process 1
2024-07-04T08:30:13.591196Z 0 [Warning] [MY-010159] [Server] Setting lower_case_table_names=2 because file system for /var/lib/mysql/ is case insensitive
2024-07-04T08:30:13.608731Z 1 [System] [MY-013576] [InnoDB] InnoDB initialization has started.
2024-07-04T08:30:14.495216Z 1 [System] [MY-013577] [InnoDB] InnoDB initialization has ended.
2024-07-04T08:30:15.069541Z 0 [Warning] [MY-010068] [Server] CA certificate ca.pem is self signed.
2024-07-04T08:30:15.070039Z 0 [System] [MY-013602] [Server] Channel mysql_main configured to support TLS. Encrypted connections are now supported for this channel.
2024-07-04T08:30:15.086064Z 0 [Warning] [MY-011810] [Server] Insecure configuration for --pid-file: Location '/var/run/mysqld' in the path is accessible to all OS users. Consider choosing a different directory.
2024-07-04T08:30:15.146956Z 0 [System] [MY-010931] [Server] /usr/sbin/mysqld: ready for connections. Version: '8.0.31'  socket: '/var/run/mysqld/mysqld.sock'  port: 3306  MySQL Community Server - GPL.
2024-07-04T08:30:15.147119Z 0 [System] [MY-011323] [Server] X Plugin ready for connections. Bind-address: '::' port: 33060, socket: /var/run/mysqld/mysqlx.sock
2024-07-04T08:32:09.971357Z 0 [System] [MY-013172] [Server] Received SHUTDOWN from user <via user signal>. Shutting down mysqld (Version: 8.0.31).
2024-07-04T08:32:11.560828Z 0 [System] [MY-010910] [Server] /usr/sbin/mysqld: Shutdown complete (mysqld 8.0.31)  MySQL Community Server - GPL.
2024-07-04T08:32:22.119257Z 0 [Warning] [MY-011068] [Server] The syntax '--skip-host-cache' is deprecated and will be removed in a future release. Please use SET GLOBAL host_cache_size=0 instead.
2024-07-04T08:32:22.125476Z 0 [System] [MY-010116] [Server] /usr/sbin/mysqld (mysqld 8.0.31) starting as process 1
2024-07-04T08:32:22.130637Z 0 [Warning] [MY-010159] [Server] Setting lower_case_table_names=2 because file system for /var/lib/mysql/ is case insensitive
2024-07-04T08:32:22.146146Z 1 [System] [MY-013576] [InnoDB] InnoDB initialization has started.
2024-07-04T08:32:23.099600Z 1 [System] [MY-013577] [InnoDB] InnoDB initialization has ended.
2024-07-04T08:32:23.933273Z 0 [Warning] [MY-010068] [Server] CA certificate ca.pem is self signed.
2024-07-04T08:32:23.934007Z 0 [System] [MY-013602] [Server] Channel mysql_main configured to support TLS. Encrypted connections are now supported for this channel.
2024-07-04T08:32:23.942050Z 0 [Warning] [MY-011810] [Server] Insecure configuration for --pid-file: Location '/var/run/mysqld' in the path is accessible to all OS users. Consider choosing a different directory.
2024-07-04T08:32:24.027305Z 0 [System] [MY-011323] [Server] X Plugin ready for connections. Bind-address: '::' port: 33060, socket: /var/run/mysqld/mysqlx.sock
2024-07-04T08:32:24.027416Z 0 [System] [MY-010931] [Server] /usr/sbin/mysqld: ready for connections. Version: '8.0.31'  socket: '/var/run/mysqld/mysqld.sock'  port: 3306  MySQL Community Server - GPL.
2024-07-04T08:40:57.968383Z 0 [System] [MY-013172] [Server] Received SHUTDOWN from user <via user signal>. Shutting down mysqld (Version: 8.0.31).
2024-07-04T08:40:59.549454Z 0 [System] [MY-010910] [Server] /usr/sbin/mysqld: Shutdown complete (mysqld 8.0.31)  MySQL Community Server - GPL.
